빌드 시작: 2019-08-23 오후 4:24:52
     1>2 노드의 "D:\EYENIX\DEV\DL\src\ENAI_CO\ENAI_CO\ENAI_CO\ENAI_CO.vcxproj" 프로젝트(Build 대상)입니다.
     1>ClCompile:
         C:\Program Files (x86)\Microsoft Visual Studio 12.0\VC\bin\CL.exe /c /ID:\EYENIX\DEV\DL\src\ENAI_CO\ENAI_CO\opencv\build\include /Zi /nologo /W3 /WX- /sdl /O2 /Oi /Oy- /GL /D WIN32 /D NDEBUG /D _CONSOLE /D _LIB /D _UNICODE /D UNICODE /Gm- /EHsc /MD /GS /Gy /fp:precise /Zc:wchar_t /Zc:forScope /Yu"stdafx.h" /Fp"Release\ENAI_CO.pch" /Fo"Release\\" /Fd"Release\vc120.pdb" /Gd /TP /analyze- /errorReport:prompt layer.cpp
         layer.cpp
       Link:
         C:\Program Files (x86)\Microsoft Visual Studio 12.0\VC\bin\link.exe /ERRORREPORT:PROMPT /OUT:"D:\EYENIX\DEV\DL\src\ENAI_CO\ENAI_CO\Release\ENAI_CO.exe" /INCREMENTAL:NO /NOLOGO /LIBPATH:D:\EYENIX\DEV\DL\src\ENAI_CO\ENAI_CO\opencv\build\x86\vc12\staticlib /LIBPATH:D:\EYENIX\DEV\DL\src\ENAI_CO\ENAI_CO\opencv\build\x86\vc12\lib opencv_ts300.lib opencv_world300.lib kernel32.lib user32.lib gdi32.lib winspool.lib comdlg32.lib advapi32.lib shell32.lib ole32.lib oleaut32.lib uuid.lib odbc32.lib odbccp32.lib /MANIFEST /MANIFESTUAC:"level='asInvoker' uiAccess='false'" /manifest:embed /DEBUG /PDB:"D:\EYENIX\DEV\DL\src\ENAI_CO\ENAI_CO\Release\ENAI_CO.pdb" /SUBSYSTEM:CONSOLE /OPT:REF /OPT:ICF /LTCG /TLBID:1 /DYNAMICBASE /NXCOMPAT /IMPLIB:"D:\EYENIX\DEV\DL\src\ENAI_CO\ENAI_CO\Release\ENAI_CO.lib" /MACHINE:X86 /SAFESEH Release\analyzer.obj
         Release\analyzer_f.obj
         Release\ENAI_CO.obj
         Release\float2int_conv.obj
         Release\image_cv.obj
         Release\layer.obj
         Release\layer_f.obj
         Release\shell.obj
         Release\shell_function.obj
         Release\squeezeNet.obj
         Release\stdafx.obj
         코드를 생성하고 있습니다.
         코드를 생성했습니다.
         ENAI_CO.vcxproj -> D:\EYENIX\DEV\DL\src\ENAI_CO\ENAI_CO\Release\ENAI_CO.exe
     1>"D:\EYENIX\DEV\DL\src\ENAI_CO\ENAI_CO\ENAI_CO\ENAI_CO.vcxproj" 프로젝트를 빌드했습니다(Build 대상).

빌드했습니다.

경과 시간: 00:00:01.02
