c:\dev\enai_co\enai_co\debug\enai_co.pch
c:\dev\enai_co\enai_co\debug\vc142.pdb
c:\dev\enai_co\enai_co\debug\vc142.idb
c:\dev\enai_co\enai_co\debug\stdafx.obj
c:\dev\enai_co\enai_co\debug\squeezenet.obj
c:\dev\enai_co\enai_co\debug\shell_function.obj
c:\dev\enai_co\enai_co\debug\shell.obj
c:\dev\enai_co\enai_co\debug\layer_f.obj
c:\dev\enai_co\enai_co\debug\layer.obj
c:\dev\enai_co\enai_co\debug\image_cv.obj
c:\dev\enai_co\enai_co\debug\float2int_conv.obj
c:\dev\enai_co\enai_co\debug\enai_co.obj
c:\dev\enai_co\enai_co\debug\analyzer_f.obj
c:\dev\enai_co\enai_co\debug\analyzer.obj
c:\dev\enai_co\debug\enai_co.ilk
c:\dev\enai_co\debug\enai_co.exe
c:\dev\enai_co\debug\enai_co.pdb
d:\eyenix\dev\dl\src\enai_co\enai_co\enai_co\debug\analyzer.obj
d:\eyenix\dev\dl\src\enai_co\enai_co\enai_co\debug\analyzer_f.obj
d:\eyenix\dev\dl\src\enai_co\enai_co\enai_co\debug\enai_co.obj
d:\eyenix\dev\dl\src\enai_co\enai_co\enai_co\debug\float2int_conv.obj
d:\eyenix\dev\dl\src\enai_co\enai_co\enai_co\debug\image_cv.obj
d:\eyenix\dev\dl\src\enai_co\enai_co\enai_co\debug\layer.obj
d:\eyenix\dev\dl\src\enai_co\enai_co\enai_co\debug\layer_f.obj
d:\eyenix\dev\dl\src\enai_co\enai_co\enai_co\debug\shell.obj
d:\eyenix\dev\dl\src\enai_co\enai_co\enai_co\debug\shell_function.obj
d:\eyenix\dev\dl\src\enai_co\enai_co\enai_co\debug\squeezenet.obj
d:\eyenix\dev\dl\src\enai_co\enai_co\enai_co\debug\stdafx.obj
d:\eyenix\dev\dl\src\enai_co\enai_co\enai_co\debug\enai_co.pch
d:\eyenix\dev\dl\src\enai_co\enai_co\enai_co\debug\vc142.idb
d:\eyenix\dev\dl\src\enai_co\enai_co\enai_co\debug\vc142.pdb
d:\eyenix\dev\dl\src\enai_co\enai_co\debug\enai_co.pdb
d:\eyenix\dev\dl\src\enai_co\enai_co\debug\enai_co.exe
d:\eyenix\dev\dl\src\enai_co\enai_co\debug\enai_co.ilk
d:\eyenix\dev\dl\src\enai_co\enai_co\debug\enai_co.exe.lastcodeanalysissucceeded
d:\eyenix\dev\dl\src\enai_co\enai_co\enai_co\debug\enai_co.tlog\cl.command.1.tlog
d:\eyenix\dev\dl\src\enai_co\enai_co\enai_co\debug\enai_co.tlog\cl.read.1.tlog
d:\eyenix\dev\dl\src\enai_co\enai_co\enai_co\debug\enai_co.tlog\cl.write.1.tlog
d:\eyenix\dev\dl\src\enai_co\enai_co\enai_co\debug\enai_co.tlog\link.command.1.tlog
d:\eyenix\dev\dl\src\enai_co\enai_co\enai_co\debug\enai_co.tlog\link.read.1.tlog
d:\eyenix\dev\dl\src\enai_co\enai_co\enai_co\debug\enai_co.tlog\link.write.1.tlog
