  stdafx.cpp
  analyzer.cpp
C:\DEV\ENAI_CO\ENAI_CO\analyzer.cpp(56,40): warning C4244:  '=': '__int64'에서 'int'(으)로 변환하면서 데이터가 손실될 수 있습니다.
  analyzer_f.cpp
C:\DEV\ENAI_CO\ENAI_CO\analyzer.cpp(57,46): warning C4244:  '=': '__int64'에서 'int'(으)로 변환하면서 데이터가 손실될 수 있습니다.
  ENAI_CO.cpp
  float2int_conv.cpp
C:\DEV\ENAI_CO\ENAI_CO\analyzer_f.cpp(37,16): warning C4244:  '=': 'double'에서 'float'(으)로 변환하면서 데이터가 손실될 수 있습니다.
C:\DEV\ENAI_CO\ENAI_CO\float2int_conv.cpp(22,16): warning C4244:  '=': 'double'에서 'float'(으)로 변환하면서 데이터가 손실될 수 있습니다.
C:\DEV\ENAI_CO\ENAI_CO\float2int_conv.cpp(56,17): warning C4244:  '초기화 중': 'double'에서 'float'(으)로 변환하면서 데이터가 손실될 수 있습니다.
C:\DEV\ENAI_CO\ENAI_CO\float2int_conv.cpp(62,16): warning C4244:  '=': 'double'에서 'float'(으)로 변환하면서 데이터가 손실될 수 있습니다.
C:\DEV\ENAI_CO\ENAI_CO\float2int_conv.cpp(63,17): warning C4244:  '=': 'float'에서 'int'(으)로 변환하면서 데이터가 손실될 수 있습니다.
C:\DEV\ENAI_CO\ENAI_CO\float2int_conv.cpp(65,32): warning C4244:  '=': 'float'에서 'int'(으)로 변환하면서 데이터가 손실될 수 있습니다.
  image_cv.cpp
C:\DEV\ENAI_CO\ENAI_CO\float2int_conv.cpp(66,39): warning C4244:  '=': 'float'에서 'int'(으)로 변환하면서 데이터가 손실될 수 있습니다.
  layer.cpp
  layer_f.cpp
  shell.cpp
  shell_function.cpp
  squeezeNet.cpp
  코드를 생성하고 있습니다...
C:\DEV\ENAI_CO\opencv\build\include\opencv2\core\mat.hpp(1917,1): warning C4819:  현재 코드 페이지(949)에서 표시할 수 없는 문자가 파일에 들어 있습니다. 데이터가 손실되지 않게 하려면 해당 파일을 유니코드 형식으로 저장하십시오.
C:\DEV\ENAI_CO\opencv\build\include\opencv2\core\mat.hpp(1917,1): warning C4819: C:\DEV\ENAI_CO\opencv\build\include\opencv2\core\persistence.hpp: warning C4819: 현재 코드 페이지(949)에서 표시할 수 없는 문자가 파일에 들어 있습니다. 데이터가 손실되지 않게 하려면 해당 파일을 유니코드 형식으로 저장하십시오.
C:\DEV\ENAI_CO\opencv\build\include\opencv2\core\mat.hpp(1917,1): warning C4819: C:\DEV\ENAI_CO\opencv\build\include\opencv2\core\utility.hpp: warning C4819: 현재 코드 페이지(949)에서 표시할 수 없는 문자가 파일에 들어 있습니다. 데이터가 손실되지 않게 하려면 해당 파일을 유니코드 형식으로 저장하십시오.
  ENAI_CO.vcxproj -> C:\DEV\ENAI_CO\Debug\ENAI_CO.exe
